d:\lab13\lab13_com\debug\os13_com.pch
d:\lab13\lab13_com\debug\vc143.pdb
d:\lab13\lab13_com\debug\vc143.idb
d:\lab13\lab13_com\debug\pch.obj
d:\lab13\lab13_com\debug\os13.obj
d:\lab13\lab13_com\debug\install.obj
d:\lab13\lab13_com\debug\ht.obj
d:\lab13\lab13_com\debug\dllmain.obj
d:\lab13\lab13_com\debug\com.obj
d:\lab13\lab13_com\debug\cfactory.obj
d:\lab13\lab13_com\debug\os13_com.ilk
d:\lab13\debug\os13_com.dll
d:\lab13\debug\os13_com.pdb
d:\lab13\debug\os13_com.lib
d:\lab13\debug\os13_com.exp
d:\lab13\lab13_com\debug\os13_com.tlog\cl.command.1.tlog
d:\lab13\lab13_com\debug\os13_com.tlog\cl.read.1.tlog
d:\lab13\lab13_com\debug\os13_com.tlog\cl.write.1.tlog
d:\lab13\lab13_com\debug\os13_com.tlog\link.command.1.tlog
d:\lab13\lab13_com\debug\os13_com.tlog\link.read.1.tlog
d:\lab13\lab13_com\debug\os13_com.tlog\link.write.1.tlog
d:\lab13\lab13_com\debug\os13_com.tlog\os13_com.write.1u.tlog
