d:\os\lab5-ht-user-com-dll\os14_htcom\debug\os14_htcom.pch
d:\os\lab5-ht-user-com-dll\os14_htcom\debug\vc143.pdb
d:\os\lab5-ht-user-com-dll\os14_htcom\debug\vc143.idb
d:\os\lab5-ht-user-com-dll\os14_htcom\debug\pch.obj
d:\os\lab5-ht-user-com-dll\os14_htcom\debug\registry.obj
d:\os\lab5-ht-user-com-dll\os14_htcom\debug\exportfunctions.obj
d:\os\lab5-ht-user-com-dll\os14_htcom\debug\dllmain.obj
d:\os\lab5-ht-user-com-dll\os14_htcom\debug\componentht.obj
d:\os\lab5-ht-user-com-dll\os14_htcom\debug\classfactory.obj
d:\os\lab5-ht-user-com-dll\os14_htcom\debug\os14_htcom.ilk
d:\os\lab5-ht-user-com-dll\debug\os14_htcom.dll
d:\os\lab5-ht-user-com-dll\debug\os14_htcom.pdb
d:\os\lab5-ht-user-com-dll\debug\os14_htcom.lib
d:\os\lab5-ht-user-com-dll\debug\os14_htcom.exp
d:\os\lab5-ht-user-com-dll\os14_htcom\debug\os14_htcom.tlog\cl.command.1.tlog
d:\os\lab5-ht-user-com-dll\os14_htcom\debug\os14_htcom.tlog\cl.read.1.tlog
d:\os\lab5-ht-user-com-dll\os14_htcom\debug\os14_htcom.tlog\cl.write.1.tlog
d:\os\lab5-ht-user-com-dll\os14_htcom\debug\os14_htcom.tlog\link.command.1.tlog
d:\os\lab5-ht-user-com-dll\os14_htcom\debug\os14_htcom.tlog\link.read.1.tlog
d:\os\lab5-ht-user-com-dll\os14_htcom\debug\os14_htcom.tlog\link.write.1.tlog
d:\os\lab5-ht-user-com-dll\os14_htcom\debug\os14_htcom.tlog\os14_htcom.write.1u.tlog
