  pch.cpp
  CFactory.cpp
D:\lab13\lab13_COM\HT.h(47,3): warning C4091: __declspec(dllexport): пропускается слева от "HT::HTHANDLE", когда ни одна переменная не объявлена
D:\lab13\lab13_COM\HT.h(59,3): warning C4091: __declspec(dllexport): пропускается слева от "HT::Element", когда ни одна переменная не объявлена
  COM.cpp
D:\lab13\lab13_COM\HT.h(47,3): warning C4091: __declspec(dllexport): пропускается слева от "HT::HTHANDLE", когда ни одна переменная не объявлена
D:\lab13\lab13_COM\HT.h(59,3): warning C4091: __declspec(dllexport): пропускается слева от "HT::Element", когда ни одна переменная не объявлена
  dllmain.cpp
D:\lab13\lab13_COM\HT.h(47,3): warning C4091: __declspec(dllexport): пропускается слева от "HT::HTHANDLE", когда ни одна переменная не объявлена
D:\lab13\lab13_COM\HT.h(59,3): warning C4091: __declspec(dllexport): пропускается слева от "HT::Element", когда ни одна переменная не объявлена
  HT.cpp
D:\lab13\lab13_COM\HT.h(47,3): warning C4091: __declspec(dllexport): пропускается слева от "HT::HTHANDLE", когда ни одна переменная не объявлена
D:\lab13\lab13_COM\HT.h(59,3): warning C4091: __declspec(dllexport): пропускается слева от "HT::Element", когда ни одна переменная не объявлена
D:\lab13\lab13_COM\HT.cpp(444,21): warning C4018: <: несоответствие типов со знаком и без знака
  INSTALL.cpp
D:\lab13\lab13_COM\HT.h(47,3): warning C4091: __declspec(dllexport): пропускается слева от "HT::HTHANDLE", когда ни одна переменная не объявлена
D:\lab13\lab13_COM\HT.h(59,3): warning C4091: __declspec(dllexport): пропускается слева от "HT::Element", когда ни одна переменная не объявлена
  OS13.cpp
D:\lab13\lab13_COM\HT.h(47,3): warning C4091: __declspec(dllexport): пропускается слева от "HT::HTHANDLE", когда ни одна переменная не объявлена
D:\lab13\lab13_COM\HT.h(59,3): warning C4091: __declspec(dllexport): пропускается слева от "HT::Element", когда ни одна переменная не объявлена
     Создается библиотека D:\lab13\Release\OS13_COM.lib и объект D:\lab13\Release\OS13_COM.exp
OS13_COM.exp : warning LNK4070: директива /OUT:OS13.dll в .EXP отличается от имени выходного файла "D:\lab13\Release\OS13_COM.dll"; директива игнорируется
  Создание кода
  Previous IPDB not found, fall back to full compilation.
D:\lab13\lab13_COM\HT.cpp(452): warning C4172: возвращение адреса локальной или временной переменной : mutexName
  All 312 functions were compiled because no usable IPDB/IOBJ from previous compilation was found.
  Создание кода завершено
OS13_COM.exp : warning LNK4070: директива /OUT:OS13.dll в .EXP отличается от имени выходного файла "D:\lab13\Release\OS13_COM.dll"; директива игнорируется
  lab13_COM.vcxproj -> D:\lab13\Release\OS13_COM.dll
