d:\6 сем\сп\lab13\lab13_com\release\os13_com.pch
d:\6 сем\сп\lab13\lab13_com\release\vc143.pdb
d:\6 сем\сп\lab13\lab13_com\release\pch.obj
d:\6 сем\сп\lab13\lab13_com\release\os13.obj
d:\6 сем\сп\lab13\lab13_com\release\install.obj
d:\6 сем\сп\lab13\lab13_com\release\ht.obj
d:\6 сем\сп\lab13\lab13_com\release\dllmain.obj
d:\6 сем\сп\lab13\lab13_com\release\com.obj
d:\6 сем\сп\lab13\lab13_com\release\cfactory.obj
d:\6 сем\сп\lab13\release\os13_com.dll
d:\6 сем\сп\lab13\lab13_com\release\os13_com.ipdb
d:\6 сем\сп\lab13\lab13_com\release\os13_com.iobj
d:\6 сем\сп\lab13\release\os13_com.pdb
d:\6 сем\сп\lab13\release\os13_com.lib
d:\6 сем\сп\lab13\release\os13_com.exp
d:\lab13\lab13_com\release\cfactory.obj
d:\lab13\lab13_com\release\com.obj
d:\lab13\lab13_com\release\dllmain.obj
d:\lab13\lab13_com\release\ht.obj
d:\lab13\lab13_com\release\install.obj
d:\lab13\lab13_com\release\os13.obj
d:\lab13\lab13_com\release\pch.obj
d:\lab13\lab13_com\release\os13_com.ipdb
d:\lab13\lab13_com\release\os13_com.iobj
d:\lab13\lab13_com\release\os13_com.pch
d:\lab13\lab13_com\release\vc143.pdb
d:\lab13\release\os13_com.pdb
d:\lab13\release\os13_com.dll
d:\lab13\lab13_com\release\os13_com.tlog\cl.command.1.tlog
d:\lab13\lab13_com\release\os13_com.tlog\cl.read.1.tlog
d:\lab13\lab13_com\release\os13_com.tlog\cl.write.1.tlog
d:\lab13\lab13_com\release\os13_com.tlog\link.command.1.tlog
d:\lab13\lab13_com\release\os13_com.tlog\link.read.1.tlog
d:\lab13\lab13_com\release\os13_com.tlog\link.write.1.tlog
d:\lab13\lab13_com\release\os13_com.tlog\os13_com.write.1u.tlog
