d:\os\lab6-ht-service-user-com-dll\os15_htservice\debug\vc143.pdb
d:\os\lab6-ht-service-user-com-dll\os15_htservice\debug\vc143.idb
d:\os\lab6-ht-service-user-com-dll\os15_htservice\debug\os15_htservice.obj
d:\os\lab6-ht-service-user-com-dll\os15_htservice\debug\main.obj
d:\lab7\os15_htservice\debug\vc143.pdb
d:\lab7\os15_htservice\debug\vc143.idb
d:\lab7\os15_htservice\debug\main.obj
d:\lab7\os15_htservice\debug\os15_htservice.obj
d:\os\lab6-ht-service-user-com-dll\os15_htservice\debug\os15_htservice.ilk
d:\os\lab6-ht-service-user-com-dll\debug\os15_htservice.exe
d:\os\lab6-ht-service-user-com-dll\debug\os15_htservice.pdb
d:\lab7\debug\os15_htservice.exe
d:\lab7\os15_htservice\debug\os15_htservice.ilk
d:\lab7\debug\os15_htservice.pdb
d:\lab7\os15_htservice\debug\os15_htservice.tlog\cl.command.1.tlog
d:\lab7\os15_htservice\debug\os15_htservice.tlog\cl.read.1.tlog
d:\lab7\os15_htservice\debug\os15_htservice.tlog\cl.write.1.tlog
d:\lab7\os15_htservice\debug\os15_htservice.tlog\link.command.1.tlog
d:\lab7\os15_htservice\debug\os15_htservice.tlog\link.read.1.tlog
d:\lab7\os15_htservice\debug\os15_htservice.tlog\link.write.1.tlog
