d:\help\operating-systems-6sem-main\os12\os12_com\os12_com_dll\debug\os12_com_dll.pch
d:\help\operating-systems-6sem-main\os12\os12_com\os12_com_dll\debug\vc143.pdb
d:\help\operating-systems-6sem-main\os12\os12_com\os12_com_dll\debug\vc143.idb
d:\help\operating-systems-6sem-main\os12\os12_com\os12_com_dll\debug\pch.obj
d:\help\operating-systems-6sem-main\os12\os12_com\os12_com_dll\debug\dllmain.obj
d:\help\operating-systems-6sem-main\os12\os12_com\os12_com_dll\debug\os12.obj
d:\help\operating-systems-6sem-main\os12\os12_com\os12_com_dll\debug\interface.obj
d:\help\operating-systems-6sem-main\os12\os12_com\os12_com_dll\debug\install.obj
d:\help\operating-systems-6sem-main\os12\os12_com\os12_com_dll\debug\cfactory.obj
d:\help\operating-systems-6sem-main\os12\os12_com\debug\os12_com_dll.dll
d:\help\operating-systems-6sem-main\os12\os12_com\os12_com_dll\debug\os12_com_dll.ilk
d:\help\operating-systems-6sem-main\os12\os12_com\debug\os12_com_dll.pdb
d:\help\operating-systems-6sem-main\os12\os12_com\debug\os12_com_dll.lib
d:\help\operating-systems-6sem-main\os12\os12_com\debug\os12_com_dll.exp
d:\help\operating-systems-6sem-main\os12\os12_com\os12_com_dll\debug\os12_com_dll.tlog\cl.command.1.tlog
d:\help\operating-systems-6sem-main\os12\os12_com\os12_com_dll\debug\os12_com_dll.tlog\cl.read.1.tlog
d:\help\operating-systems-6sem-main\os12\os12_com\os12_com_dll\debug\os12_com_dll.tlog\cl.write.1.tlog
d:\help\operating-systems-6sem-main\os12\os12_com\os12_com_dll\debug\os12_com_dll.tlog\link.command.1.tlog
d:\help\operating-systems-6sem-main\os12\os12_com\os12_com_dll\debug\os12_com_dll.tlog\link.read.1.tlog
d:\help\operating-systems-6sem-main\os12\os12_com\os12_com_dll\debug\os12_com_dll.tlog\link.write.1.tlog
d:\help\operating-systems-6sem-main\os12\os12_com\os12_com_dll\debug\os12_com_dll.tlog\os12_com_dll.write.1u.tlog
