d:\lab7\os15_htcom\debug\os15_htcom.pch
d:\lab7\os15_htcom\debug\vc143.pdb
d:\lab7\os15_htcom\debug\vc143.idb
d:\lab7\os15_htcom\debug\pch.obj
d:\lab7\os15_htcom\debug\registry.obj
d:\lab7\os15_htcom\debug\exportfunctions.obj
d:\lab7\os15_htcom\debug\dllmain.obj
d:\lab7\os15_htcom\debug\componentht.obj
d:\lab7\os15_htcom\debug\classfactory.obj
d:\lab7\os15_htcom\debug\os15_htcom.ilk
d:\lab7\debug\os15_htcom.dll
d:\lab7\debug\os15_htcom.pdb
d:\lab7\debug\os15_htcom.lib
d:\lab7\debug\os15_htcom.exp
d:\lab7\os15_htcom\debug\os15_htcom.tlog\cl.command.1.tlog
d:\lab7\os15_htcom\debug\os15_htcom.tlog\cl.read.1.tlog
d:\lab7\os15_htcom\debug\os15_htcom.tlog\cl.write.1.tlog
d:\lab7\os15_htcom\debug\os15_htcom.tlog\link.command.1.tlog
d:\lab7\os15_htcom\debug\os15_htcom.tlog\link.read.1.tlog
d:\lab7\os15_htcom\debug\os15_htcom.tlog\link.write.1.tlog
d:\lab7\os15_htcom\debug\os15_htcom.tlog\os15_htcom.write.1u.tlog
